{
 "slurmdbd_create_time": "2021-02-11T22:35:55.710000",
 "slurmctld_create_time": "2021-02-11T22:36:09.610000",
 "slurmd_create_time": null,
 "jobs_starts": 1613082979.61,
 "system_info": {
  "cpu": {
   "python_version": "3.6.8.final.0 (64 bit)",
   "cpuinfo_version": [
    7,
    0,
    0
   ],
   "cpuinfo_version_string": "7.0.0",
   "arch": "X86_64",
   "bits": 64,
   "count": 8,
   "arch_string_raw": "x86_64",
   "vendor_id_raw": "GenuineIntel",
   "brand_raw": "Intel Xeon E312xx (Sandy Bridge, IBRS update)",
   "hz_advertised_friendly": "2.2973 GHz",
   "hz_actual_friendly": "2.2973 GHz",
   "hz_advertised": [
    2297338000,
    0
   ],
   "hz_actual": [
    2297338000,
    0
   ],
   "stepping": 1,
   "model": 42,
   "family": 6,
   "flags": [
    "aes",
    "apic",
    "arat",
    "avx",
    "clflush",
    "cmov",
    "constant_tsc",
    "cx16",
    "cx8",
    "de",
    "eagerfpu",
    "fpu",
    "fxsr",
    "hypervisor",
    "ibpb",
    "ibrs",
    "lahf_lm",
    "lm",
    "mca",
    "mce",
    "mmx",
    "msr",
    "mtrr",
    "nopl",
    "nx",
    "osxsave",
    "pae",
    "pat",
    "pclmulqdq",
    "pge",
    "pni",
    "popcnt",
    "pse",
    "pse36",
    "rdtscp",
    "rep_good",
    "sep",
    "spec_ctrl",
    "sse",
    "sse2",
    "sse4_1",
    "sse4_2",
    "ssse3",
    "syscall",
    "tsc",
    "tsc_deadline_timer",
    "tscdeadline",
    "vme",
    "x2apic",
    "xsave",
    "xsaveopt",
    "xtopology"
   ],
   "l3_cache_size": 16777216,
   "l2_cache_size": 4194304,
   "l1_data_cache_size": 32768,
   "l1_instruction_cache_size": 32768,
   "l2_cache_line_size": 512,
   "l2_cache_associativity": 8,
   "cpu_physical": 1,
   "cpu_logical": 8
  },
  "memory": {
   "total": 33566199808,
   "available": 31659671552
  }
 },
 "slurmctld_walltime": 51548.03659272194
}